<?xml version="1.0" encoding="UTF-8"?>
<!-- Generated by org.testng.reporters.JUnitReportReporter -->
<testsuite hostname="Mustafa" failures="0" tests="3" name="day15.AnnotationDemo2" time="0.012" errors="0" timestamp="2024-09-07T15:13:03 EDT" skipped="0">
  <testcase classname="day15.AnnotationDemo2" name="loginWithEmail" time="0.009"/>
  <testcase classname="day15.AnnotationDemo2" name="loginWithTwitter" time="0.002"/>
  <testcase classname="day15.AnnotationDemo2" name="loginWithPhoneNumber" time="0.001"/>
</testsuite> <!-- day15.AnnotationDemo2 -->
