<?xml version="1.0" encoding="UTF-8"?>
<!-- Generated by org.testng.reporters.JUnitReportReporter -->
<testsuite hostname="Mustafa" failures="0" tests="1" name="day15.AssertionDemo" time="0.012" errors="0" timestamp="2024-09-07T15:35:25 EDT" skipped="0">
  <testcase classname="day15.AssertionDemo" name="testTitle" time="0.012"/>
</testsuite> <!-- day15.AssertionDemo -->
