<?xml version="1.0" encoding="UTF-8"?>
<!-- Generated by org.testng.reporters.JUnitReportReporter -->
<testsuite hostname="Mustafa" failures="0" tests="3" name="day15.FirstClass" time="0.005" errors="0" timestamp="2024-09-07T15:13:03 EDT" skipped="0">
  <testcase classname="day15.FirstClass" name="openApp" time="0.001"/>
  <testcase classname="day15.FirstClass" name="login" time="0.002"/>
  <testcase classname="day15.FirstClass" name="logout" time="0.002"/>
</testsuite> <!-- day15.FirstClass -->
