<?xml version="1.0" encoding="UTF-8"?>
<!-- Generated by org.testng.reporters.JUnitReportReporter -->
<testsuite hostname="Mustafa" failures="0" tests="1" name="day15.HardAssertions" time="0.013" errors="0" timestamp="2024-09-07T15:57:44 EDT" skipped="0">
  <testcase classname="day15.HardAssertions" name="test" time="0.013"/>
</testsuite> <!-- day15.HardAssertions -->
