<?xml version="1.0" encoding="UTF-8"?>
<!-- Generated by org.testng.reporters.JUnitReportReporter -->
<testsuite hostname="Mustafa" failures="0" tests="2" name="day16.DataProviderDemo" time="0.012" errors="0" timestamp="2024-09-09T18:01:40 EDT" skipped="0">
  <testcase classname="day16.DataProviderDemo" name="testDataProvider" time="0.011"/>
  <testcase classname="day16.DataProviderDemo" name="testDataProvider" time="0.001"/>
</testsuite> <!-- day16.DataProviderDemo -->
