<?xml version="1.0" encoding="UTF-8"?>
<!-- Generated by org.testng.reporters.JUnitReportReporter -->
<testsuite hostname="Mustafa" failures="0" tests="9" name="day16.ParallelTest" time="0.130" errors="0" timestamp="2024-09-14T10:47:20 EDT" skipped="0">
  <testcase classname="day16.ParallelTest" name="testLogo" time="0.030"/>
  <testcase classname="day16.ParallelTest" name="testLogo" time="0.019"/>
  <testcase classname="day16.ParallelTest" name="testLogo" time="0.037"/>
  <testcase classname="day16.ParallelTest" name="testTitle" time="0.012"/>
  <testcase classname="day16.ParallelTest" name="testTitle" time="0.006"/>
  <testcase classname="day16.ParallelTest" name="testTitle" time="0.003"/>
  <testcase classname="day16.ParallelTest" name="testURL" time="0.008"/>
  <testcase classname="day16.ParallelTest" name="testURL" time="0.011"/>
  <testcase classname="day16.ParallelTest" name="testURL" time="0.004"/>
</testsuite> <!-- day16.ParallelTest -->
