<?xml version="1.0" encoding="UTF-8"?>
<!-- Generated by org.testng.reporters.JUnitReportReporter -->
<testsuite hostname="Mustafa" failures="0" tests="2" name="day15.AnnotationDemo1" time="0.004" errors="0" timestamp="2024-09-07T15:13:03 EDT" skipped="0">
  <testcase classname="day15.AnnotationDemo1" name="search" time="0.002"/>
  <testcase classname="day15.AnnotationDemo1" name="advSearch" time="0.002"/>
</testsuite> <!-- day15.AnnotationDemo1 -->
