<?xml version="1.0" encoding="UTF-8"?>
<!-- Generated by org.testng.reporters.JUnitReportReporter -->
<testsuite hostname="Mustafa" failures="0" tests="4" name="day15.OrangeHRMTest" time="6.812" errors="0" timestamp="2024-09-07T15:13:03 EDT" skipped="0">
  <testcase classname="day15.OrangeHRMTest" name="openApp" time="3.923"/>
  <testcase classname="day15.OrangeHRMTest" name="testLogo" time="1.092"/>
  <testcase classname="day15.OrangeHRMTest" name="testLogin" time="1.128"/>
  <testcase classname="day15.OrangeHRMTest" name="logOut" time="0.669"/>
</testsuite> <!-- day15.OrangeHRMTest -->
