<?xml version="1.0" encoding="UTF-8"?>
<!-- Generated by org.testng.reporters.JUnitReportReporter -->
<testsuite hostname="Mustafa" failures="0" tests="2" name="day16.PaymentTest" time="0.012" errors="0" timestamp="2024-09-08T11:54:36 EDT" skipped="0">
  <testcase classname="day16.PaymentTest" name="payinDollars" time="0.011"/>
  <testcase classname="day16.PaymentTest" name="payinEuro" time="0.001"/>
</testsuite> <!-- day16.PaymentTest -->
