<?xml version="1.0" encoding="UTF-8"?>
<!-- Generated by org.testng.reporters.JUnitReportReporter -->
<testsuite hostname="Mustafa" failures="0" tests="3" name="day16.SignupTest" time="0.002" errors="0" timestamp="2024-09-08T11:54:36 EDT" skipped="0">
  <testcase classname="day16.SignupTest" name="signupbyemail" time="0.001"/>
  <testcase classname="day16.SignupTest" name="signupbyfacebook" time="0.000"/>
  <testcase classname="day16.SignupTest" name="signupbytwitter" time="0.001"/>
</testsuite> <!-- day16.SignupTest -->
