<?xml version="1.0" encoding="UTF-8"?>
<!-- Generated by org.testng.reporters.JUnitReportReporter -->
<testsuite hostname="Mustafa" failures="0" tests="5" name="day16.DependencyMethods" time="0.018" errors="0" timestamp="2024-09-08T11:23:39 EDT" skipped="0">
  <testcase classname="day16.DependencyMethods" name="openapp" time="0.012"/>
  <testcase classname="day16.DependencyMethods" name="login" time="0.001"/>
  <testcase classname="day16.DependencyMethods" name="search" time="0.002"/>
  <testcase classname="day16.DependencyMethods" name="advSearch" time="0.001"/>
  <testcase classname="day16.DependencyMethods" name="logout" time="0.002"/>
</testsuite> <!-- day16.DependencyMethods -->
