<?xml version="1.0" encoding="UTF-8"?>
<!-- Generated by org.testng.reporters.JUnitReportReporter -->
<testsuite hostname="Mustafa" failures="0" tests="3" name="day16.LoginTest" time="0.012" errors="0" timestamp="2024-09-08T11:52:12 EDT" skipped="0">
  <testcase classname="day16.LoginTest" name="loginByEmail" time="0.010"/>
  <testcase classname="day16.LoginTest" name="loginByFacebook" time="0.001"/>
  <testcase classname="day16.LoginTest" name="loginByTwitter" time="0.001"/>
</testsuite> <!-- day16.LoginTest -->
